SLF4J(W): Class path contains multiple SLF4J providers.
SLF4J(W): Found provider [scribe.slf4j.ScribeServiceProvider@262b7372]
SLF4J(W): Found provider [ch.qos.logback.classic.spi.LogbackServiceProvider@15a9c000]
SLF4J(W): See https://www.slf4j.org/codes.html#multiple_bindings for an explanation.
SLF4J(I): Actual provider is of type [scribe.slf4j.ScribeServiceProvider@262b7372]
2024.07.29 04:48:31 WARN  Flyway upgrade recommended: H2 2.3.230 is newer than this version of Flyway and support has not been tested. The latest supported version of H2 is 2.2.220.[0m
Jul 29, 2024 4:48:33 AM org.eclipse.lsp4j.jsonrpc.RemoteEndpoint handleCancellation
WARNING: Unmatched cancel notification for request id 1
Jul 29, 2024 4:48:33 AM org.eclipse.lsp4j.jsonrpc.RemoteEndpoint handleCancellation
WARNING: Unmatched cancel notification for request id 6
Jul 29, 2024 4:48:33 AM org.eclipse.lsp4j.jsonrpc.RemoteEndpoint handleCancellation
WARNING: Unmatched cancel notification for request id 2
2024.07.29 04:48:33 INFO  no build target found for /mnt/a66ad743-1601-4348-99ee-1e8f5b440f29/UCSC/SCS 2204 - Functional Programming/Practicals - Viva/22001239_Practical_6/Question1/question1.scala. Using presentation compiler with project's scala-library version: 3.3.3[0m
2024.07.29 04:48:37 INFO  Running List(/home/kasun_mendis/.local/share/coursier/bin/scala-cli, setup-ide, /mnt/a66ad743-1601-4348-99ee-1e8f5b440f29/UCSC/SCS 2204 - Functional Programming/Practicals - Viva/22001239_Practical_6)[0m
2024.07.29 04:48:37 INFO  Attempting to connect to the build server...[0m
2024.07.29 04:48:37 INFO  Running BSP server List(/home/kasun_mendis/.local/share/coursier/bin/.scala-cli.aux, bsp, --json-options, /mnt/a66ad743-1601-4348-99ee-1e8f5b440f29/UCSC/SCS 2204 - Functional Programming/Practicals - Viva/22001239_Practical_6/.scala-build/ide-options-v2.json, --json-launcher-options, /mnt/a66ad743-1601-4348-99ee-1e8f5b440f29/UCSC/SCS 2204 - Functional Programming/Practicals - Viva/22001239_Practical_6/.scala-build/ide-launcher-options.json, --envs-file, /mnt/a66ad743-1601-4348-99ee-1e8f5b440f29/UCSC/SCS 2204 - Functional Programming/Practicals - Viva/22001239_Practical_6/.scala-build/ide-envs.json, /mnt/a66ad743-1601-4348-99ee-1e8f5b440f29/UCSC/SCS 2204 - Functional Programming/Practicals - Viva/22001239_Practical_6)[0m
2024.07.29 04:48:37 INFO  tracing is disabled for protocol BSP, to enable tracing of incoming and outgoing JSON messages create an empty file at /mnt/a66ad743-1601-4348-99ee-1e8f5b440f29/UCSC/SCS 2204 - Functional Programming/Practicals - Viva/22001239_Practical_6/.metals/bsp.trace.json or /home/kasun_mendis/.cache/metals/bsp.trace.json[0m
2024.07.29 04:48:38 INFO  BSP server: Starting compilation server[0m
2024.07.29 04:48:41 INFO  time: Connected to build server in 4.16s[0m
2024.07.29 04:48:41 INFO  Connected to Build server: scala-cli v1.3.2[0m
2024.07.29 04:48:42 INFO  compiling 22001239_practical_6_f4dd477a3a (1 scala source)[0m
2024.07.29 04:48:45 INFO  time: Imported build in 3.81s[0m
2024.07.29 04:48:45 INFO  compiling 22001239_practical_6_f4dd477a3a (1 scala source)[0m
2024.07.29 04:48:48 INFO  running doctor check[0m
2024.07.29 04:48:48 INFO  java targets: 22001239_Practical_6_f4dd477a3a, 22001239_Practical_6_f4dd477a3a-test[0m
2024.07.29 04:48:54 WARN  Flyway upgrade recommended: H2 2.3.230 is newer than this version of Flyway and support has not been tested. The latest supported version of H2 is 2.2.220.[0m
2024.07.29 04:48:57 INFO  time: indexed workspace in 9.2s[0m
2024.07.29 04:48:58 INFO  compiling 22001239_practical_6_f4dd477a3a (1 scala source)[0m
2024.07.29 04:48:58 INFO  time: compiled 22001239_Practical_6_f4dd477a3a in 0.53s[0m
2024.07.29 04:48:58 INFO  compiling 22001239_practical_6_f4dd477a3a (1 scala source)[0m
2024.07.29 04:48:59 INFO  time: compiled 22001239_Practical_6_f4dd477a3a in 0.34s[0m
2024.07.29 04:49:25 INFO  compiling 22001239_practical_6_f4dd477a3a (1 scala source)[0m
2024.07.29 04:49:25 INFO  time: compiled 22001239_Practical_6_f4dd477a3a in 0.51s[0m
2024.07.29 04:49:28 INFO  compiling 22001239_practical_6_f4dd477a3a (1 scala source)[0m
2024.07.29 04:49:30 INFO  time: compiled 22001239_Practical_6_f4dd477a3a in 2.59s[0m
2024.07.29 04:49:30 INFO  compiling 22001239_practical_6_f4dd477a3a (1 scala source)[0m
2024.07.29 04:49:33 INFO  time: compiled 22001239_Practical_6_f4dd477a3a in 1.77s[0m
2024.07.29 04:51:17 INFO  compiling 22001239_practical_6_f4dd477a3a (1 scala source)[0m
2024.07.29 04:51:17 INFO  time: compiled 22001239_Practical_6_f4dd477a3a in 0.53s[0m
2024.07.29 04:51:22 INFO  compiling 22001239_practical_6_f4dd477a3a (1 scala source)[0m
2024.07.29 04:51:22 INFO  time: compiled 22001239_Practical_6_f4dd477a3a in 0.13s[0m
2024.07.29 04:51:28 INFO  compiling 22001239_practical_6_f4dd477a3a (1 scala source)[0m
2024.07.29 04:51:28 INFO  time: compiled 22001239_Practical_6_f4dd477a3a in 0.17s[0m
2024.07.29 04:51:32 INFO  compiling 22001239_practical_6_f4dd477a3a (1 scala source)[0m
2024.07.29 04:51:32 INFO  time: compiled 22001239_Practical_6_f4dd477a3a in 0.19s[0m
2024.07.29 04:51:34 INFO  compiling 22001239_practical_6_f4dd477a3a (1 scala source)[0m
2024.07.29 04:51:34 INFO  time: compiled 22001239_Practical_6_f4dd477a3a in 0.47s[0m
2024.07.29 04:55:09 INFO  compiling 22001239_practical_6_f4dd477a3a (1 scala source)[0m
2024.07.29 04:55:09 INFO  time: compiled 22001239_Practical_6_f4dd477a3a in 0.6s[0m
2024.07.29 04:56:35 INFO  compiling 22001239_practical_6_f4dd477a3a (1 scala source)[0m
2024.07.29 04:56:35 INFO  time: compiled 22001239_Practical_6_f4dd477a3a in 0.51s[0m
2024.07.29 04:56:46 INFO  compiling 22001239_practical_6_f4dd477a3a (1 scala source)[0m
2024.07.29 04:56:46 INFO  time: compiled 22001239_Practical_6_f4dd477a3a in 0.15s[0m
2024.07.29 04:56:49 INFO  compiling 22001239_practical_6_f4dd477a3a (1 scala source)[0m
2024.07.29 04:56:50 INFO  time: compiled 22001239_Practical_6_f4dd477a3a in 1.15s[0m
2024.07.29 04:56:50 WARN  Could not load snapshot text for /mnt/a66ad743-1601-4348-99ee-1e8f5b440f29/UCSC/SCS 2204 - Functional Programming/Practicals - Viva/22001239_Practical_6/Question1/question1.scala[0m
2024.07.29 04:56:51 WARN  Could not load snapshot text for /mnt/a66ad743-1601-4348-99ee-1e8f5b440f29/UCSC/SCS 2204 - Functional Programming/Practicals - Viva/22001239_Practical_6/Question1/question1.scala[0m
2024.07.29 04:56:53 WARN  Could not load snapshot text for /mnt/a66ad743-1601-4348-99ee-1e8f5b440f29/UCSC/SCS 2204 - Functional Programming/Practicals - Viva/22001239_Practical_6/Question1/question1.scala[0m
2024.07.29 04:56:54 WARN  Could not load snapshot text for /mnt/a66ad743-1601-4348-99ee-1e8f5b440f29/UCSC/SCS 2204 - Functional Programming/Practicals - Viva/22001239_Practical_6/Question1/question1.scala[0m
2024.07.29 04:56:55 WARN  Could not load snapshot text for /mnt/a66ad743-1601-4348-99ee-1e8f5b440f29/UCSC/SCS 2204 - Functional Programming/Practicals - Viva/22001239_Practical_6/Question1/question1.scala[0m
2024.07.29 04:56:56 WARN  Could not load snapshot text for /mnt/a66ad743-1601-4348-99ee-1e8f5b440f29/UCSC/SCS 2204 - Functional Programming/Practicals - Viva/22001239_Practical_6/Question1/question1.scala[0m
2024.07.29 04:56:57 INFO  compiling 22001239_practical_6_f4dd477a3a (1 scala source)[0m
2024.07.29 04:56:57 WARN  Could not load snapshot text for /mnt/a66ad743-1601-4348-99ee-1e8f5b440f29/UCSC/SCS 2204 - Functional Programming/Practicals - Viva/22001239_Practical_6/Question1/question1.scala[0m
2024.07.29 04:56:58 WARN  Could not load snapshot text for /mnt/a66ad743-1601-4348-99ee-1e8f5b440f29/UCSC/SCS 2204 - Functional Programming/Practicals - Viva/22001239_Practical_6/Question1/question1.scala[0m
2024.07.29 04:56:58 WARN  there was 1 deprecation warning; re-run with -deprecation for details[0m
2024.07.29 04:56:58 INFO  time: compiled 22001239_Practical_6_f4dd477a3a in 1.23s[0m
2024.07.29 04:57:02 INFO  compiling 22001239_practical_6_f4dd477a3a (1 scala source)[0m
2024.07.29 04:57:02 WARN  there was 1 deprecation warning; re-run with -deprecation for details[0m
2024.07.29 04:57:02 INFO  time: compiled 22001239_Practical_6_f4dd477a3a in 0.83s[0m
2024.07.29 04:57:04 INFO  compiling 22001239_practical_6_f4dd477a3a (1 scala source)[0m
2024.07.29 04:57:04 INFO  time: compiled 22001239_Practical_6_f4dd477a3a in 0.27s[0m
2024.07.29 04:57:04 WARN  Could not load snapshot text for /mnt/a66ad743-1601-4348-99ee-1e8f5b440f29/UCSC/SCS 2204 - Functional Programming/Practicals - Viva/22001239_Practical_6/Question1/question1.scala[0m
2024.07.29 04:57:06 WARN  Could not load snapshot text for /mnt/a66ad743-1601-4348-99ee-1e8f5b440f29/UCSC/SCS 2204 - Functional Programming/Practicals - Viva/22001239_Practical_6/Question1/question1.scala[0m
2024.07.29 04:57:07 INFO  compiling 22001239_practical_6_f4dd477a3a (1 scala source)[0m
2024.07.29 04:57:07 INFO  time: compiled 22001239_Practical_6_f4dd477a3a in 0.75s[0m
2024.07.29 04:57:12 INFO  compiling 22001239_practical_6_f4dd477a3a (1 scala source)[0m
Jul 29, 2024 4:57:13 AM org.eclipse.lsp4j.jsonrpc.RemoteEndpoint handleCancellation
WARNING: Unmatched cancel notification for request id 465
2024.07.29 04:57:14 INFO  time: compiled 22001239_Practical_6_f4dd477a3a in 1.88s[0m
2024.07.29 04:57:14 INFO  compiling 22001239_practical_6_f4dd477a3a (1 scala source)[0m
2024.07.29 04:57:15 INFO  time: compiled 22001239_Practical_6_f4dd477a3a in 1.16s[0m
2024.07.29 04:57:19 INFO  compiling 22001239_practical_6_f4dd477a3a (1 scala source)[0m
2024.07.29 04:57:19 INFO  time: compiled 22001239_Practical_6_f4dd477a3a in 0.28s[0m
2024.07.29 04:57:25 INFO  compiling 22001239_practical_6_f4dd477a3a (1 scala source)[0m
2024.07.29 04:57:25 INFO  time: compiled 22001239_Practical_6_f4dd477a3a in 0.24s[0m
2024.07.29 04:57:28 INFO  compiling 22001239_practical_6_f4dd477a3a (1 scala source)[0m
2024.07.29 04:57:28 INFO  time: compiled 22001239_Practical_6_f4dd477a3a in 0.17s[0m
2024.07.29 05:00:50 INFO  compiling 22001239_practical_6_f4dd477a3a (1 scala source)[0m
2024.07.29 05:00:50 INFO  time: compiled 22001239_Practical_6_f4dd477a3a in 0.32s[0m
2024.07.29 05:00:53 WARN  Could not find semantic tokens for: file:///mnt/a66ad743-1601-4348-99ee-1e8f5b440f29/UCSC/SCS%202204%20-%20Functional%20Programming/Practicals%20-%20Viva/22001239_Practical_6/Question1/question1.scala[0m
2024.07.29 05:00:55 INFO  compiling 22001239_practical_6_f4dd477a3a (1 scala source)[0m
2024.07.29 05:00:55 INFO  time: compiled 22001239_Practical_6_f4dd477a3a in 0.18s[0m
2024.07.29 05:00:56 WARN  Could not find semantic tokens for: file:///mnt/a66ad743-1601-4348-99ee-1e8f5b440f29/UCSC/SCS%202204%20-%20Functional%20Programming/Practicals%20-%20Viva/22001239_Practical_6/Question1/question1.scala[0m
2024.07.29 05:00:57 INFO  compiling 22001239_practical_6_f4dd477a3a (1 scala source)[0m
2024.07.29 05:00:57 INFO  time: compiled 22001239_Practical_6_f4dd477a3a in 0.1s[0m
2024.07.29 05:01:00 INFO  compiling 22001239_practical_6_f4dd477a3a (1 scala source)[0m
2024.07.29 05:01:00 INFO  time: compiled 22001239_Practical_6_f4dd477a3a in 0.26s[0m
Jul 29, 2024 5:01:05 AM org.eclipse.lsp4j.jsonrpc.RemoteEndpoint handleCancellation
WARNING: Unmatched cancel notification for request id 655
2024.07.29 05:01:06 INFO  compiling 22001239_practical_6_f4dd477a3a (1 scala source)[0m
2024.07.29 05:01:06 INFO  time: compiled 22001239_Practical_6_f4dd477a3a in 0.43s[0m
2024.07.29 05:01:08 INFO  compiling 22001239_practical_6_f4dd477a3a (1 scala source)[0m
2024.07.29 05:01:08 INFO  time: compiled 22001239_Practical_6_f4dd477a3a in 0.26s[0m
2024.07.29 05:01:15 INFO  compiling 22001239_practical_6_f4dd477a3a (1 scala source)[0m
2024.07.29 05:01:15 INFO  time: compiled 22001239_Practical_6_f4dd477a3a in 0.27s[0m
2024.07.29 05:01:20 INFO  compiling 22001239_practical_6_f4dd477a3a (1 scala source)[0m
2024.07.29 05:01:20 INFO  time: compiled 22001239_Practical_6_f4dd477a3a in 0.27s[0m
2024.07.29 05:01:24 INFO  compiling 22001239_practical_6_f4dd477a3a (1 scala source)[0m
2024.07.29 05:01:24 INFO  time: compiled 22001239_Practical_6_f4dd477a3a in 0.21s[0m
2024.07.29 05:01:30 INFO  compiling 22001239_practical_6_f4dd477a3a (1 scala source)[0m
2024.07.29 05:01:30 INFO  time: compiled 22001239_Practical_6_f4dd477a3a in 0.22s[0m
2024.07.29 05:01:33 INFO  compiling 22001239_practical_6_f4dd477a3a (1 scala source)[0m
2024.07.29 05:01:33 INFO  time: compiled 22001239_Practical_6_f4dd477a3a in 0.24s[0m
2024.07.29 05:01:35 INFO  compiling 22001239_practical_6_f4dd477a3a (1 scala source)[0m
2024.07.29 05:01:35 INFO  time: compiled 22001239_Practical_6_f4dd477a3a in 0.34s[0m
2024.07.29 05:01:37 INFO  compiling 22001239_practical_6_f4dd477a3a (1 scala source)[0m
2024.07.29 05:01:37 INFO  time: compiled 22001239_Practical_6_f4dd477a3a in 0.22s[0m
2024.07.29 05:01:42 INFO  compiling 22001239_practical_6_f4dd477a3a (1 scala source)[0m
2024.07.29 05:01:42 INFO  time: compiled 22001239_Practical_6_f4dd477a3a in 0.21s[0m
2024.07.29 05:06:10 INFO  compiling 22001239_practical_6_f4dd477a3a (1 scala source)[0m
2024.07.29 05:06:10 INFO  time: compiled 22001239_Practical_6_f4dd477a3a in 0.21s[0m
2024.07.29 05:06:14 INFO  compiling 22001239_practical_6_f4dd477a3a (1 scala source)[0m
2024.07.29 05:06:14 INFO  time: compiled 22001239_Practical_6_f4dd477a3a in 0.21s[0m
2024.07.29 05:06:25 ERROR scalafmt: /mnt/a66ad743-1601-4348-99ee-1e8f5b440f29/UCSC/SCS 2204 - Functional Programming/Practicals - Viva/22001239_Practical_6/Question1/question1.scala:8: error: [dialect scala3] illegal start of simple expression
        var products = Map("CRBook"->10, "Pens"->16, )
                                                     ^[0m
2024.07.29 05:06:32 INFO  compiling 22001239_practical_6_f4dd477a3a (1 scala source)[0m
2024.07.29 05:06:32 INFO  time: compiled 22001239_Practical_6_f4dd477a3a in 0.25s[0m
2024.07.29 05:06:34 ERROR scalafmt: /mnt/a66ad743-1601-4348-99ee-1e8f5b440f29/UCSC/SCS 2204 - Functional Programming/Practicals - Viva/22001239_Practical_6/Question1/question1.scala:8: error: [dialect scala3] illegal start of simple expression
        var products = Map("CRBook"->10, "Pens"->16, )
                                                     ^[0m
2024.07.29 05:06:38 ERROR scalafmt: /mnt/a66ad743-1601-4348-99ee-1e8f5b440f29/UCSC/SCS 2204 - Functional Programming/Practicals - Viva/22001239_Practical_6/Question1/question1.scala:8: error: [dialect scala3] illegal start of simple expression
        var products = Map("CRBook"->10, "Pens"->16, )
                                                     ^[0m
2024.07.29 05:06:43 ERROR scalafmt: /mnt/a66ad743-1601-4348-99ee-1e8f5b440f29/UCSC/SCS 2204 - Functional Programming/Practicals - Viva/22001239_Practical_6/Question1/question1.scala:8: error: [dialect scala3] illegal start of simple expression
        var products = Map("CRBook"->10, "Pens"->16, )
                                                     ^[0m
2024.07.29 05:06:56 INFO  compiling 22001239_practical_6_f4dd477a3a (1 scala source)[0m
2024.07.29 05:06:56 INFO  time: compiled 22001239_Practical_6_f4dd477a3a in 0.19s[0m
Jul 29, 2024 5:07:00 AM org.eclipse.lsp4j.jsonrpc.RemoteEndpoint handleCancellation
WARNING: Unmatched cancel notification for request id 989
2024.07.29 05:07:02 INFO  compiling 22001239_practical_6_f4dd477a3a (1 scala source)[0m
2024.07.29 05:07:03 INFO  time: compiled 22001239_Practical_6_f4dd477a3a in 1.31s[0m
2024.07.29 05:07:04 INFO  compiling 22001239_practical_6_f4dd477a3a (1 scala source)[0m
2024.07.29 05:07:05 INFO  time: compiled 22001239_Practical_6_f4dd477a3a in 1.07s[0m
2024.07.29 05:07:16 INFO  compiling 22001239_practical_6_f4dd477a3a (1 scala source)[0m
2024.07.29 05:07:16 INFO  time: compiled 22001239_Practical_6_f4dd477a3a in 0.93s[0m
2024.07.29 05:07:18 INFO  compiling 22001239_practical_6_f4dd477a3a (1 scala source)[0m
2024.07.29 05:07:18 INFO  time: compiled 22001239_Practical_6_f4dd477a3a in 0.69s[0m
2024.07.29 05:07:25 INFO  compiling 22001239_practical_6_f4dd477a3a (1 scala source)[0m
2024.07.29 05:07:25 INFO  time: compiled 22001239_Practical_6_f4dd477a3a in 0.78s[0m
2024.07.29 05:08:06 INFO  compiling 22001239_practical_6_f4dd477a3a (1 scala source)[0m
2024.07.29 05:08:06 INFO  time: compiled 22001239_Practical_6_f4dd477a3a in 0.84s[0m
